Terminais sem uso na gramática

    TOK_FUNCTION
    TOK_FOR
    TOK_FCHAR
    TOK_FUNSIGNED
    EQ_OP
    NE_OP
    GE_OP
    LE_OP
    GT_OP
    LT_OP


Gramática

    0 $accept: programa $end

    1 programa: stmts

    2 stmts: stmts stmt
    3      | stmt

    4 fe: funcblock
    5   | eventblock

    6 stmt: TOK_OUT '=' expr ';'
    7     | TOK_IDENTIFIER '=' expr ';'
    8     | TOK_IDENTIFIER '[' expr ']' '=' expr ';'
    9     | TOK_IDENTIFIER '(' paramscall ')' ';'
   10     | TOK_IDENTIFIER '+' '+' ';'
   11     | TOK_IDENTIFIER '+' '=' expr ';'
   12     | TOK_IDENTIFIER '-' '=' expr ';'
   13     | TOK_IDENTIFIER '*' '=' expr ';'
   14     | TOK_IDENTIFIER '=' relements ';'
   15     | TOK_IDENTIFIER '=' rmatrix ';'
   16     | TOK_DELAY expr ';'
   17     | condblock
   18     | whileblock
   19     | fe
   20     | returnblock ';'
   21     | printstmt ';'
   22     | TOK_STEPPER expr ';'
   23     | TOK_SERVO expr ';'
   24     | error ';'

   25 rmatrix: '{' matrix '}'

   26 matrix: matrix ',' melement
   27       | melement

   28 melement: relements ':' TOK_INTEGER
   29         | relements

   30 relements: '{' elements '}'

   31 elements: elements ',' element
   32         | element

   33 element: factor ':' TOK_INTEGER
   34        | factor

   35 eventblock: TOK_QUANDO TOK_INTEGER TOK_ESTA TOK_INTEGER '{' stmts '}'

   36 funcblock: type_f TOK_IDENTIFIER '(' funcparams ')' '{' stmts '}'

   37 funcparams: funcparams ',' funcparam
   38           | funcparam
   39           | ε

   40 funcparam: type_f TOK_IDENTIFIER

   41 type_f: TOK_VOID
   42       | TOK_FBOOL
   43       | TOK_FSHORT TOK_FINT
   44       | TOK_FINT
   45       | TOK_FLONG TOK_FINT
   46       | TOK_FLONG TOK_FLONG TOK_FINT
   47       | TOK_FLONG TOK_FLONG TOK_FLONG TOK_FINT
   48       | TOK_FSHORT TOK_FFLOAT
   49       | TOK_FFLOAT
   50       | TOK_FDOUBLE
   51       | TOK_FDOUBLE TOK_FDOUBLE

   52 paramscall: paramscall ',' expr
   53           | expr
   54           | ε

   55 returnblock: TOK_RETURN expr
   56            | TOK_RETURN logicexpr

   57 condblock: TOK_IF '(' logicexpr ')' stmt
   58          | TOK_IF '(' logicexpr ')' stmt elseblock
   59          | TOK_IF '(' logicexpr ')' '{' stmts '}'
   60          | TOK_IF '(' logicexpr ')' '{' stmts '}' elseblock

   61 elseblock: TOK_ELSE stmt
   62          | TOK_ELSE '{' stmts '}'

   63 whileblock: TOK_WHILE '(' logicexpr ')' '{' stmts '}'

   64 logicexpr: logicexpr TOK_OR logicterm
   65          | logicterm

   66 logicterm: logicterm TOK_AND logicfactor
   67          | logicfactor

   68 logicfactor: '(' logicexpr ')'
   69            | expr '=' '=' expr
   70            | expr '!' '=' expr
   71            | expr '<' '=' expr
   72            | expr '>' '=' expr
   73            | expr '<' expr
   74            | expr '>' expr

   75 expr: expr '+' term
   76     | expr '-' term
   77     | term

   78 term: term '*' factor
   79     | term '/' factor
   80     | term '%' factor
   81     | factor

   82 factor: '(' expr ')'
   83       | TOK_IDENTIFIER
   84       | TOK_IDENTIFIER '[' expr ']'
   85       | TOK_IDENTIFIER '[' expr ']' '[' expr ']'
   86       | TOK_TRUE
   87       | TOK_FALSE
   88       | TOK_INTEGER
   89       | TOK_FLOAT
   90       | '(' TOK_FSHORT TOK_FINT ')' TOK_INTEGER
   91       | '(' TOK_FLONG TOK_FINT ')' TOK_INTEGER
   92       | '(' TOK_FLONG TOK_FLONG TOK_FINT ')' TOK_INTEGER
   93       | '(' TOK_FSHORT TOK_FFLOAT ')' TOK_FLOAT
   94       | '(' TOK_FFLOAT ')' TOK_FLOAT
   95       | '(' TOK_FDOUBLE ')' TOK_FLOAT
   96       | TOK_IN
   97       | TOK_IDENTIFIER '(' paramscall ')'
   98       | unary

   99 unary: '-' factor

  100 printstmt: TOK_PRINT TOK_STRING
  101          | TOK_PRINT expr


Terminais, com as regras onde eles aparecem

    $end (0) 0
    '!' (33) 70
    '%' (37) 80
    '(' (40) 9 36 57 58 59 60 63 68 82 90 91 92 93 94 95 97
    ')' (41) 9 36 57 58 59 60 63 68 82 90 91 92 93 94 95 97
    '*' (42) 13 78
    '+' (43) 10 11 75
    ',' (44) 26 31 37 52
    '-' (45) 12 76 99
    '/' (47) 79
    ':' (58) 28 33
    ';' (59) 6 7 8 9 10 11 12 13 14 15 16 20 21 22 23 24
    '<' (60) 71 73
    '=' (61) 6 7 8 11 12 13 14 15 69 70 71 72
    '>' (62) 72 74
    '[' (91) 8 84 85
    ']' (93) 8 84 85
    '{' (123) 25 30 35 36 59 60 62 63
    '}' (125) 25 30 35 36 59 60 62 63
    error (256) 24
    TOK_VOID (258) 41
    TOK_FUNCTION (259)
    TOK_RETURN (260) 55 56
    TOK_IF (261) 57 58 59 60
    TOK_ELSE (262) 61 62
    TOK_FOR (263)
    TOK_WHILE (264) 63
    TOK_PRINT (265) 100 101
    TOK_IN <port> (266) 96
    TOK_OUT <port> (267) 6
    TOK_STEPPER <nint> (268) 22
    TOK_SERVO (269) 23
    TOK_DELAY (270) 16
    TOK_AND <node> (271) 66
    TOK_OR <node> (272) 64
    TOK_IDENTIFIER <ident> (273) 7 8 9 10 11 12 13 14 15 36 40 83 84 85 97
    TOK_FLOAT <nfloat> (274) 89 93 94 95
    TOK_INTEGER <nint> (275) 28 33 35 88 90 91 92
    TOK_STRING <str> (276) 100
    TOK_TRUE (277) 86
    TOK_FALSE (278) 87
    TOK_FINT (279) 43 44 45 46 47 90 91 92
    TOK_FFLOAT (280) 48 49 93 94
    TOK_FDOUBLE (281) 50 51 95
    TOK_FCHAR (282)
    TOK_FLONG (283) 45 46 47 91 92
    TOK_FSHORT (284) 43 48 90 93
    TOK_FUNSIGNED (285)
    TOK_FBOOL (286) 42
    TOK_QUANDO (287) 35
    TOK_ESTA (288) 35
    EQ_OP (289)
    NE_OP (290)
    GE_OP (291)
    LE_OP (292)
    GT_OP (293)
    LT_OP (294)
    IFX (295)


Não terminais com as regras onde eles aparecem

    $accept (59)
        à esquerda: 0
    programa (60)
        à esquerda: 1
        à direita: 0
    stmts <stmt> (61)
        à esquerda: 2 3
        à direita: 1 2 35 36 59 60 62 63
    fe <node> (62)
        à esquerda: 4 5
        à direita: 19
    stmt <node> (63)
        à esquerda: 6 7 8 9 10 11 12 13 14 15 16 17 18 19 20 21 22 23 24
        à direita: 2 3 57 58 61
    rmatrix <mes> (64)
        à esquerda: 25
        à direita: 15
    matrix <mes> (65)
        à esquerda: 26 27
        à direita: 25 26
    melement <me> (66)
        à esquerda: 28 29
        à direita: 26 27
    relements <aes> (67)
        à esquerda: 30
        à direita: 14 28 29
    elements <aes> (68)
        à esquerda: 31 32
        à direita: 30 31
    element <ae> (69)
        à esquerda: 33 34
        à direita: 31 32
    eventblock <node> (70)
        à esquerda: 35
        à direita: 5
    funcblock <node> (71)
        à esquerda: 36
        à direita: 4
    funcparams <fps> (72)
        à esquerda: 37 38 39
        à direita: 36 37
    funcparam <fp> (73)
        à esquerda: 40
        à direita: 37 38
    type_f <nint> (74)
        à esquerda: 41 42 43 44 45 46 47 48 49 50 51
        à direita: 36 40
    paramscall <pc> (75)
        à esquerda: 52 53 54
        à direita: 9 52 97
    returnblock <node> (76)
        à esquerda: 55 56
        à direita: 20
    condblock <node> (77)
        à esquerda: 57 58 59 60
        à direita: 17
    elseblock <node> (78)
        à esquerda: 61 62
        à direita: 58 60
    whileblock <node> (79)
        à esquerda: 63
        à direita: 18
    logicexpr <node> (80)
        à esquerda: 64 65
        à direita: 56 57 58 59 60 63 64 68
    logicterm <node> (81)
        à esquerda: 66 67
        à direita: 64 65 66
    logicfactor <node> (82)
        à esquerda: 68 69 70 71 72 73 74
        à direita: 66 67
    expr <node> (83)
        à esquerda: 75 76 77
        à direita: 6 7 8 11 12 13 16 22 23 52 53 55 69 70 71 72 73 74 75 76 82 84 85 101
    term <node> (84)
        à esquerda: 78 79 80 81
        à direita: 75 76 77 78 79 80
    factor <node> (85)
        à esquerda: 82 83 84 85 86 87 88 89 90 91 92 93 94 95 96 97 98
        à direita: 33 34 78 79 80 81 99
    unary <node> (86)
        à esquerda: 99
        à direita: 98
    printstmt <node> (87)
        à esquerda: 100 101
        à direita: 21


Estado 0

    0 $accept: • programa $end

    error           deslocar, e ir ao estado 1
    TOK_VOID        deslocar, e ir ao estado 2
    TOK_RETURN      deslocar, e ir ao estado 3
    TOK_IF          deslocar, e ir ao estado 4
    TOK_WHILE       deslocar, e ir ao estado 5
    TOK_PRINT       deslocar, e ir ao estado 6
    TOK_OUT         deslocar, e ir ao estado 7
    TOK_STEPPER     deslocar, e ir ao estado 8
    TOK_SERVO       deslocar, e ir ao estado 9
    TOK_DELAY       deslocar, e ir ao estado 10
    TOK_IDENTIFIER  deslocar, e ir ao estado 11
    TOK_FINT        deslocar, e ir ao estado 12
    TOK_FFLOAT      deslocar, e ir ao estado 13
    TOK_FDOUBLE     deslocar, e ir ao estado 14
    TOK_FLONG       deslocar, e ir ao estado 15
    TOK_FSHORT      deslocar, e ir ao estado 16
    TOK_FBOOL       deslocar, e ir ao estado 17
    TOK_QUANDO      deslocar, e ir ao estado 18

    programa     ir ao estado 19
    stmts        ir ao estado 20
    fe           ir ao estado 21
    stmt         ir ao estado 22
    eventblock   ir ao estado 23
    funcblock    ir ao estado 24
    type_f       ir ao estado 25
    returnblock  ir ao estado 26
    condblock    ir ao estado 27
    whileblock   ir ao estado 28
    printstmt    ir ao estado 29


Estado 1

   24 stmt: error • ';'

    ';'  deslocar, e ir ao estado 30


Estado 2

   41 type_f: TOK_VOID •

    $padrão  reduzir usando a regra 41 (type_f)


Estado 3

   55 returnblock: TOK_RETURN • expr
   56            | TOK_RETURN • logicexpr

    TOK_IN          deslocar, e ir ao estado 31
    TOK_IDENTIFIER  deslocar, e ir ao estado 32
    TOK_FLOAT       deslocar, e ir ao estado 33
    TOK_INTEGER     deslocar, e ir ao estado 34
    TOK_TRUE        deslocar, e ir ao estado 35
    TOK_FALSE       deslocar, e ir ao estado 36
    '('             deslocar, e ir ao estado 37
    '-'             deslocar, e ir ao estado 38

    logicexpr    ir ao estado 39
    logicterm    ir ao estado 40
    logicfactor  ir ao estado 41
    expr         ir ao estado 42
    term         ir ao estado 43
    factor       ir ao estado 44
    unary        ir ao estado 45


Estado 4

   57 condblock: TOK_IF • '(' logicexpr ')' stmt
   58          | TOK_IF • '(' logicexpr ')' stmt elseblock
   59          | TOK_IF • '(' logicexpr ')' '{' stmts '}'
   60          | TOK_IF • '(' logicexpr ')' '{' stmts '}' elseblock

    '('  deslocar, e ir ao estado 46


Estado 5

   63 whileblock: TOK_WHILE • '(' logicexpr ')' '{' stmts '}'

    '('  deslocar, e ir ao estado 47


Estado 6

  100 printstmt: TOK_PRINT • TOK_STRING
  101          | TOK_PRINT • expr

    TOK_IN          deslocar, e ir ao estado 31
    TOK_IDENTIFIER  deslocar, e ir ao estado 32
    TOK_FLOAT       deslocar, e ir ao estado 33
    TOK_INTEGER     deslocar, e ir ao estado 34
    TOK_STRING      deslocar, e ir ao estado 48
    TOK_TRUE        deslocar, e ir ao estado 35
    TOK_FALSE       deslocar, e ir ao estado 36
    '('             deslocar, e ir ao estado 49
    '-'             deslocar, e ir ao estado 38

    expr    ir ao estado 50
    term    ir ao estado 43
    factor  ir ao estado 44
    unary   ir ao estado 45


Estado 7

    6 stmt: TOK_OUT • '=' expr ';'

    '='  deslocar, e ir ao estado 51


Estado 8

   22 stmt: TOK_STEPPER • expr ';'

    TOK_IN          deslocar, e ir ao estado 31
    TOK_IDENTIFIER  deslocar, e ir ao estado 32
    TOK_FLOAT       deslocar, e ir ao estado 33
    TOK_INTEGER     deslocar, e ir ao estado 34
    TOK_TRUE        deslocar, e ir ao estado 35
    TOK_FALSE       deslocar, e ir ao estado 36
    '('             deslocar, e ir ao estado 49
    '-'             deslocar, e ir ao estado 38

    expr    ir ao estado 52
    term    ir ao estado 43
    factor  ir ao estado 44
    unary   ir ao estado 45


Estado 9

   23 stmt: TOK_SERVO • expr ';'

    TOK_IN          deslocar, e ir ao estado 31
    TOK_IDENTIFIER  deslocar, e ir ao estado 32
    TOK_FLOAT       deslocar, e ir ao estado 33
    TOK_INTEGER     deslocar, e ir ao estado 34
    TOK_TRUE        deslocar, e ir ao estado 35
    TOK_FALSE       deslocar, e ir ao estado 36
    '('             deslocar, e ir ao estado 49
    '-'             deslocar, e ir ao estado 38

    expr    ir ao estado 53
    term    ir ao estado 43
    factor  ir ao estado 44
    unary   ir ao estado 45


Estado 10

   16 stmt: TOK_DELAY • expr ';'

    TOK_IN          deslocar, e ir ao estado 31
    TOK_IDENTIFIER  deslocar, e ir ao estado 32
    TOK_FLOAT       deslocar, e ir ao estado 33
    TOK_INTEGER     deslocar, e ir ao estado 34
    TOK_TRUE        deslocar, e ir ao estado 35
    TOK_FALSE       deslocar, e ir ao estado 36
    '('             deslocar, e ir ao estado 49
    '-'             deslocar, e ir ao estado 38

    expr    ir ao estado 54
    term    ir ao estado 43
    factor  ir ao estado 44
    unary   ir ao estado 45


Estado 11

    7 stmt: TOK_IDENTIFIER • '=' expr ';'
    8     | TOK_IDENTIFIER • '[' expr ']' '=' expr ';'
    9     | TOK_IDENTIFIER • '(' paramscall ')' ';'
   10     | TOK_IDENTIFIER • '+' '+' ';'
   11     | TOK_IDENTIFIER • '+' '=' expr ';'
   12     | TOK_IDENTIFIER • '-' '=' expr ';'
   13     | TOK_IDENTIFIER • '*' '=' expr ';'
   14     | TOK_IDENTIFIER • '=' relements ';'
   15     | TOK_IDENTIFIER • '=' rmatrix ';'

    '='  deslocar, e ir ao estado 55
    '['  deslocar, e ir ao estado 56
    '('  deslocar, e ir ao estado 57
    '+'  deslocar, e ir ao estado 58
    '-'  deslocar, e ir ao estado 59
    '*'  deslocar, e ir ao estado 60


Estado 12

   44 type_f: TOK_FINT •

    $padrão  reduzir usando a regra 44 (type_f)


Estado 13

   49 type_f: TOK_FFLOAT •

    $padrão  reduzir usando a regra 49 (type_f)


Estado 14

   50 type_f: TOK_FDOUBLE •
   51       | TOK_FDOUBLE • TOK_FDOUBLE

    TOK_FDOUBLE  deslocar, e ir ao estado 61

    $padrão  reduzir usando a regra 50 (type_f)


Estado 15

   45 type_f: TOK_FLONG • TOK_FINT
   46       | TOK_FLONG • TOK_FLONG TOK_FINT
   47       | TOK_FLONG • TOK_FLONG TOK_FLONG TOK_FINT

    TOK_FINT   deslocar, e ir ao estado 62
    TOK_FLONG  deslocar, e ir ao estado 63


Estado 16

   43 type_f: TOK_FSHORT • TOK_FINT
   48       | TOK_FSHORT • TOK_FFLOAT

    TOK_FINT    deslocar, e ir ao estado 64
    TOK_FFLOAT  deslocar, e ir ao estado 65


Estado 17

   42 type_f: TOK_FBOOL •

    $padrão  reduzir usando a regra 42 (type_f)


Estado 18

   35 eventblock: TOK_QUANDO • TOK_INTEGER TOK_ESTA TOK_INTEGER '{' stmts '}'

    TOK_INTEGER  deslocar, e ir ao estado 66


Estado 19

    0 $accept: programa • $end

    $end  deslocar, e ir ao estado 67


Estado 20

    1 programa: stmts •
    2 stmts: stmts • stmt

    error           deslocar, e ir ao estado 1
    TOK_VOID        deslocar, e ir ao estado 2
    TOK_RETURN      deslocar, e ir ao estado 3
    TOK_IF          deslocar, e ir ao estado 4
    TOK_WHILE       deslocar, e ir ao estado 5
    TOK_PRINT       deslocar, e ir ao estado 6
    TOK_OUT         deslocar, e ir ao estado 7
    TOK_STEPPER     deslocar, e ir ao estado 8
    TOK_SERVO       deslocar, e ir ao estado 9
    TOK_DELAY       deslocar, e ir ao estado 10
    TOK_IDENTIFIER  deslocar, e ir ao estado 11
    TOK_FINT        deslocar, e ir ao estado 12
    TOK_FFLOAT      deslocar, e ir ao estado 13
    TOK_FDOUBLE     deslocar, e ir ao estado 14
    TOK_FLONG       deslocar, e ir ao estado 15
    TOK_FSHORT      deslocar, e ir ao estado 16
    TOK_FBOOL       deslocar, e ir ao estado 17
    TOK_QUANDO      deslocar, e ir ao estado 18

    $end  reduzir usando a regra 1 (programa)

    fe           ir ao estado 21
    stmt         ir ao estado 68
    eventblock   ir ao estado 23
    funcblock    ir ao estado 24
    type_f       ir ao estado 25
    returnblock  ir ao estado 26
    condblock    ir ao estado 27
    whileblock   ir ao estado 28
    printstmt    ir ao estado 29


Estado 21

   19 stmt: fe •

    $padrão  reduzir usando a regra 19 (stmt)


Estado 22

    3 stmts: stmt •

    $padrão  reduzir usando a regra 3 (stmts)


Estado 23

    5 fe: eventblock •

    $padrão  reduzir usando a regra 5 (fe)


Estado 24

    4 fe: funcblock •

    $padrão  reduzir usando a regra 4 (fe)


Estado 25

   36 funcblock: type_f • TOK_IDENTIFIER '(' funcparams ')' '{' stmts '}'

    TOK_IDENTIFIER  deslocar, e ir ao estado 69


Estado 26

   20 stmt: returnblock • ';'

    ';'  deslocar, e ir ao estado 70


Estado 27

   17 stmt: condblock •

    $padrão  reduzir usando a regra 17 (stmt)


Estado 28

   18 stmt: whileblock •

    $padrão  reduzir usando a regra 18 (stmt)


Estado 29

   21 stmt: printstmt • ';'

    ';'  deslocar, e ir ao estado 71


Estado 30

   24 stmt: error ';' •

    $padrão  reduzir usando a regra 24 (stmt)


Estado 31

   96 factor: TOK_IN •

    $padrão  reduzir usando a regra 96 (factor)


Estado 32

   83 factor: TOK_IDENTIFIER •
   84       | TOK_IDENTIFIER • '[' expr ']'
   85       | TOK_IDENTIFIER • '[' expr ']' '[' expr ']'
   97       | TOK_IDENTIFIER • '(' paramscall ')'

    '['  deslocar, e ir ao estado 72
    '('  deslocar, e ir ao estado 73

    $padrão  reduzir usando a regra 83 (factor)


Estado 33

   89 factor: TOK_FLOAT •

    $padrão  reduzir usando a regra 89 (factor)


Estado 34

   88 factor: TOK_INTEGER •

    $padrão  reduzir usando a regra 88 (factor)


Estado 35

   86 factor: TOK_TRUE •

    $padrão  reduzir usando a regra 86 (factor)


Estado 36

   87 factor: TOK_FALSE •

    $padrão  reduzir usando a regra 87 (factor)


Estado 37

   68 logicfactor: '(' • logicexpr ')'
   82 factor: '(' • expr ')'
   90       | '(' • TOK_FSHORT TOK_FINT ')' TOK_INTEGER
   91       | '(' • TOK_FLONG TOK_FINT ')' TOK_INTEGER
   92       | '(' • TOK_FLONG TOK_FLONG TOK_FINT ')' TOK_INTEGER
   93       | '(' • TOK_FSHORT TOK_FFLOAT ')' TOK_FLOAT
   94       | '(' • TOK_FFLOAT ')' TOK_FLOAT
   95       | '(' • TOK_FDOUBLE ')' TOK_FLOAT

    TOK_IN          deslocar, e ir ao estado 31
    TOK_IDENTIFIER  deslocar, e ir ao estado 32
    TOK_FLOAT       deslocar, e ir ao estado 33
    TOK_INTEGER     deslocar, e ir ao estado 34
    TOK_TRUE        deslocar, e ir ao estado 35
    TOK_FALSE       deslocar, e ir ao estado 36
    TOK_FFLOAT      deslocar, e ir ao estado 74
    TOK_FDOUBLE     deslocar, e ir ao estado 75
    TOK_FLONG       deslocar, e ir ao estado 76
    TOK_FSHORT      deslocar, e ir ao estado 77
    '('             deslocar, e ir ao estado 37
    '-'             deslocar, e ir ao estado 38

    logicexpr    ir ao estado 78
    logicterm    ir ao estado 40
    logicfactor  ir ao estado 41
    expr         ir ao estado 79
    term         ir ao estado 43
    factor       ir ao estado 44
    unary        ir ao estado 45


Estado 38

   99 unary: '-' • factor

    TOK_IN          deslocar, e ir ao estado 31
    TOK_IDENTIFIER  deslocar, e ir ao estado 32
    TOK_FLOAT       deslocar, e ir ao estado 33
    TOK_INTEGER     deslocar, e ir ao estado 34
    TOK_TRUE        deslocar, e ir ao estado 35
    TOK_FALSE       deslocar, e ir ao estado 36
    '('             deslocar, e ir ao estado 49
    '-'             deslocar, e ir ao estado 38

    factor  ir ao estado 80
    unary   ir ao estado 45


Estado 39

   56 returnblock: TOK_RETURN logicexpr •
   64 logicexpr: logicexpr • TOK_OR logicterm

    TOK_OR  deslocar, e ir ao estado 81

    $padrão  reduzir usando a regra 56 (returnblock)


Estado 40

   65 logicexpr: logicterm •
   66 logicterm: logicterm • TOK_AND logicfactor

    TOK_AND  deslocar, e ir ao estado 82

    $padrão  reduzir usando a regra 65 (logicexpr)


Estado 41

   67 logicterm: logicfactor •

    $padrão  reduzir usando a regra 67 (logicterm)


Estado 42

   55 returnblock: TOK_RETURN expr •
   69 logicfactor: expr • '=' '=' expr
   70            | expr • '!' '=' expr
   71            | expr • '<' '=' expr
   72            | expr • '>' '=' expr
   73            | expr • '<' expr
   74            | expr • '>' expr
   75 expr: expr • '+' term
   76     | expr • '-' term

    '='  deslocar, e ir ao estado 83
    '+'  deslocar, e ir ao estado 84
    '-'  deslocar, e ir ao estado 85
    '!'  deslocar, e ir ao estado 86
    '<'  deslocar, e ir ao estado 87
    '>'  deslocar, e ir ao estado 88

    $padrão  reduzir usando a regra 55 (returnblock)


Estado 43

   77 expr: term •
   78 term: term • '*' factor
   79     | term • '/' factor
   80     | term • '%' factor

    '*'  deslocar, e ir ao estado 89
    '/'  deslocar, e ir ao estado 90
    '%'  deslocar, e ir ao estado 91

    $padrão  reduzir usando a regra 77 (expr)


Estado 44

   81 term: factor •

    $padrão  reduzir usando a regra 81 (term)


Estado 45

   98 factor: unary •

    $padrão  reduzir usando a regra 98 (factor)


Estado 46

   57 condblock: TOK_IF '(' • logicexpr ')' stmt
   58          | TOK_IF '(' • logicexpr ')' stmt elseblock
   59          | TOK_IF '(' • logicexpr ')' '{' stmts '}'
   60          | TOK_IF '(' • logicexpr ')' '{' stmts '}' elseblock

    TOK_IN          deslocar, e ir ao estado 31
    TOK_IDENTIFIER  deslocar, e ir ao estado 32
    TOK_FLOAT       deslocar, e ir ao estado 33
    TOK_INTEGER     deslocar, e ir ao estado 34
    TOK_TRUE        deslocar, e ir ao estado 35
    TOK_FALSE       deslocar, e ir ao estado 36
    '('             deslocar, e ir ao estado 37
    '-'             deslocar, e ir ao estado 38

    logicexpr    ir ao estado 92
    logicterm    ir ao estado 40
    logicfactor  ir ao estado 41
    expr         ir ao estado 93
    term         ir ao estado 43
    factor       ir ao estado 44
    unary        ir ao estado 45


Estado 47

   63 whileblock: TOK_WHILE '(' • logicexpr ')' '{' stmts '}'

    TOK_IN          deslocar, e ir ao estado 31
    TOK_IDENTIFIER  deslocar, e ir ao estado 32
    TOK_FLOAT       deslocar, e ir ao estado 33
    TOK_INTEGER     deslocar, e ir ao estado 34
    TOK_TRUE        deslocar, e ir ao estado 35
    TOK_FALSE       deslocar, e ir ao estado 36
    '('             deslocar, e ir ao estado 37
    '-'             deslocar, e ir ao estado 38

    logicexpr    ir ao estado 94
    logicterm    ir ao estado 40
    logicfactor  ir ao estado 41
    expr         ir ao estado 93
    term         ir ao estado 43
    factor       ir ao estado 44
    unary        ir ao estado 45


Estado 48

  100 printstmt: TOK_PRINT TOK_STRING •

    $padrão  reduzir usando a regra 100 (printstmt)


Estado 49

   82 factor: '(' • expr ')'
   90       | '(' • TOK_FSHORT TOK_FINT ')' TOK_INTEGER
   91       | '(' • TOK_FLONG TOK_FINT ')' TOK_INTEGER
   92       | '(' • TOK_FLONG TOK_FLONG TOK_FINT ')' TOK_INTEGER
   93       | '(' • TOK_FSHORT TOK_FFLOAT ')' TOK_FLOAT
   94       | '(' • TOK_FFLOAT ')' TOK_FLOAT
   95       | '(' • TOK_FDOUBLE ')' TOK_FLOAT

    TOK_IN          deslocar, e ir ao estado 31
    TOK_IDENTIFIER  deslocar, e ir ao estado 32
    TOK_FLOAT       deslocar, e ir ao estado 33
    TOK_INTEGER     deslocar, e ir ao estado 34
    TOK_TRUE        deslocar, e ir ao estado 35
    TOK_FALSE       deslocar, e ir ao estado 36
    TOK_FFLOAT      deslocar, e ir ao estado 74
    TOK_FDOUBLE     deslocar, e ir ao estado 75
    TOK_FLONG       deslocar, e ir ao estado 76
    TOK_FSHORT      deslocar, e ir ao estado 77
    '('             deslocar, e ir ao estado 49
    '-'             deslocar, e ir ao estado 38

    expr    ir ao estado 95
    term    ir ao estado 43
    factor  ir ao estado 44
    unary   ir ao estado 45


Estado 50

   75 expr: expr • '+' term
   76     | expr • '-' term
  101 printstmt: TOK_PRINT expr •

    '+'  deslocar, e ir ao estado 84
    '-'  deslocar, e ir ao estado 85

    $padrão  reduzir usando a regra 101 (printstmt)


Estado 51

    6 stmt: TOK_OUT '=' • expr ';'

    TOK_IN          deslocar, e ir ao estado 31
    TOK_IDENTIFIER  deslocar, e ir ao estado 32
    TOK_FLOAT       deslocar, e ir ao estado 33
    TOK_INTEGER     deslocar, e ir ao estado 34
    TOK_TRUE        deslocar, e ir ao estado 35
    TOK_FALSE       deslocar, e ir ao estado 36
    '('             deslocar, e ir ao estado 49
    '-'             deslocar, e ir ao estado 38

    expr    ir ao estado 96
    term    ir ao estado 43
    factor  ir ao estado 44
    unary   ir ao estado 45


Estado 52

   22 stmt: TOK_STEPPER expr • ';'
   75 expr: expr • '+' term
   76     | expr • '-' term

    ';'  deslocar, e ir ao estado 97
    '+'  deslocar, e ir ao estado 84
    '-'  deslocar, e ir ao estado 85


Estado 53

   23 stmt: TOK_SERVO expr • ';'
   75 expr: expr • '+' term
   76     | expr • '-' term

    ';'  deslocar, e ir ao estado 98
    '+'  deslocar, e ir ao estado 84
    '-'  deslocar, e ir ao estado 85


Estado 54

   16 stmt: TOK_DELAY expr • ';'
   75 expr: expr • '+' term
   76     | expr • '-' term

    ';'  deslocar, e ir ao estado 99
    '+'  deslocar, e ir ao estado 84
    '-'  deslocar, e ir ao estado 85


Estado 55

    7 stmt: TOK_IDENTIFIER '=' • expr ';'
   14     | TOK_IDENTIFIER '=' • relements ';'
   15     | TOK_IDENTIFIER '=' • rmatrix ';'

    TOK_IN          deslocar, e ir ao estado 31
    TOK_IDENTIFIER  deslocar, e ir ao estado 32
    TOK_FLOAT       deslocar, e ir ao estado 33
    TOK_INTEGER     deslocar, e ir ao estado 34
    TOK_TRUE        deslocar, e ir ao estado 35
    TOK_FALSE       deslocar, e ir ao estado 36
    '('             deslocar, e ir ao estado 49
    '-'             deslocar, e ir ao estado 38
    '{'             deslocar, e ir ao estado 100

    rmatrix    ir ao estado 101
    relements  ir ao estado 102
    expr       ir ao estado 103
    term       ir ao estado 43
    factor     ir ao estado 44
    unary      ir ao estado 45


Estado 56

    8 stmt: TOK_IDENTIFIER '[' • expr ']' '=' expr ';'

    TOK_IN          deslocar, e ir ao estado 31
    TOK_IDENTIFIER  deslocar, e ir ao estado 32
    TOK_FLOAT       deslocar, e ir ao estado 33
    TOK_INTEGER     deslocar, e ir ao estado 34
    TOK_TRUE        deslocar, e ir ao estado 35
    TOK_FALSE       deslocar, e ir ao estado 36
    '('             deslocar, e ir ao estado 49
    '-'             deslocar, e ir ao estado 38

    expr    ir ao estado 104
    term    ir ao estado 43
    factor  ir ao estado 44
    unary   ir ao estado 45


Estado 57

    9 stmt: TOK_IDENTIFIER '(' • paramscall ')' ';'

    TOK_IN          deslocar, e ir ao estado 31
    TOK_IDENTIFIER  deslocar, e ir ao estado 32
    TOK_FLOAT       deslocar, e ir ao estado 33
    TOK_INTEGER     deslocar, e ir ao estado 34
    TOK_TRUE        deslocar, e ir ao estado 35
    TOK_FALSE       deslocar, e ir ao estado 36
    '('             deslocar, e ir ao estado 49
    '-'             deslocar, e ir ao estado 38

    $padrão  reduzir usando a regra 54 (paramscall)

    paramscall  ir ao estado 105
    expr        ir ao estado 106
    term        ir ao estado 43
    factor      ir ao estado 44
    unary       ir ao estado 45


Estado 58

   10 stmt: TOK_IDENTIFIER '+' • '+' ';'
   11     | TOK_IDENTIFIER '+' • '=' expr ';'

    '='  deslocar, e ir ao estado 107
    '+'  deslocar, e ir ao estado 108


Estado 59

   12 stmt: TOK_IDENTIFIER '-' • '=' expr ';'

    '='  deslocar, e ir ao estado 109


Estado 60

   13 stmt: TOK_IDENTIFIER '*' • '=' expr ';'

    '='  deslocar, e ir ao estado 110


Estado 61

   51 type_f: TOK_FDOUBLE TOK_FDOUBLE •

    $padrão  reduzir usando a regra 51 (type_f)


Estado 62

   45 type_f: TOK_FLONG TOK_FINT •

    $padrão  reduzir usando a regra 45 (type_f)


Estado 63

   46 type_f: TOK_FLONG TOK_FLONG • TOK_FINT
   47       | TOK_FLONG TOK_FLONG • TOK_FLONG TOK_FINT

    TOK_FINT   deslocar, e ir ao estado 111
    TOK_FLONG  deslocar, e ir ao estado 112


Estado 64

   43 type_f: TOK_FSHORT TOK_FINT •

    $padrão  reduzir usando a regra 43 (type_f)


Estado 65

   48 type_f: TOK_FSHORT TOK_FFLOAT •

    $padrão  reduzir usando a regra 48 (type_f)


Estado 66

   35 eventblock: TOK_QUANDO TOK_INTEGER • TOK_ESTA TOK_INTEGER '{' stmts '}'

    TOK_ESTA  deslocar, e ir ao estado 113


Estado 67

    0 $accept: programa $end •

    $padrão  aceitar


Estado 68

    2 stmts: stmts stmt •

    $padrão  reduzir usando a regra 2 (stmts)


Estado 69

   36 funcblock: type_f TOK_IDENTIFIER • '(' funcparams ')' '{' stmts '}'

    '('  deslocar, e ir ao estado 114


Estado 70

   20 stmt: returnblock ';' •

    $padrão  reduzir usando a regra 20 (stmt)


Estado 71

   21 stmt: printstmt ';' •

    $padrão  reduzir usando a regra 21 (stmt)


Estado 72

   84 factor: TOK_IDENTIFIER '[' • expr ']'
   85       | TOK_IDENTIFIER '[' • expr ']' '[' expr ']'

    TOK_IN          deslocar, e ir ao estado 31
    TOK_IDENTIFIER  deslocar, e ir ao estado 32
    TOK_FLOAT       deslocar, e ir ao estado 33
    TOK_INTEGER     deslocar, e ir ao estado 34
    TOK_TRUE        deslocar, e ir ao estado 35
    TOK_FALSE       deslocar, e ir ao estado 36
    '('             deslocar, e ir ao estado 49
    '-'             deslocar, e ir ao estado 38

    expr    ir ao estado 115
    term    ir ao estado 43
    factor  ir ao estado 44
    unary   ir ao estado 45


Estado 73

   97 factor: TOK_IDENTIFIER '(' • paramscall ')'

    TOK_IN          deslocar, e ir ao estado 31
    TOK_IDENTIFIER  deslocar, e ir ao estado 32
    TOK_FLOAT       deslocar, e ir ao estado 33
    TOK_INTEGER     deslocar, e ir ao estado 34
    TOK_TRUE        deslocar, e ir ao estado 35
    TOK_FALSE       deslocar, e ir ao estado 36
    '('             deslocar, e ir ao estado 49
    '-'             deslocar, e ir ao estado 38

    $padrão  reduzir usando a regra 54 (paramscall)

    paramscall  ir ao estado 116
    expr        ir ao estado 106
    term        ir ao estado 43
    factor      ir ao estado 44
    unary       ir ao estado 45


Estado 74

   94 factor: '(' TOK_FFLOAT • ')' TOK_FLOAT

    ')'  deslocar, e ir ao estado 117


Estado 75

   95 factor: '(' TOK_FDOUBLE • ')' TOK_FLOAT

    ')'  deslocar, e ir ao estado 118


Estado 76

   91 factor: '(' TOK_FLONG • TOK_FINT ')' TOK_INTEGER
   92       | '(' TOK_FLONG • TOK_FLONG TOK_FINT ')' TOK_INTEGER

    TOK_FINT   deslocar, e ir ao estado 119
    TOK_FLONG  deslocar, e ir ao estado 120


Estado 77

   90 factor: '(' TOK_FSHORT • TOK_FINT ')' TOK_INTEGER
   93       | '(' TOK_FSHORT • TOK_FFLOAT ')' TOK_FLOAT

    TOK_FINT    deslocar, e ir ao estado 121
    TOK_FFLOAT  deslocar, e ir ao estado 122


Estado 78

   64 logicexpr: logicexpr • TOK_OR logicterm
   68 logicfactor: '(' logicexpr • ')'

    TOK_OR  deslocar, e ir ao estado 81
    ')'     deslocar, e ir ao estado 123


Estado 79

   69 logicfactor: expr • '=' '=' expr
   70            | expr • '!' '=' expr
   71            | expr • '<' '=' expr
   72            | expr • '>' '=' expr
   73            | expr • '<' expr
   74            | expr • '>' expr
   75 expr: expr • '+' term
   76     | expr • '-' term
   82 factor: '(' expr • ')'

    '='  deslocar, e ir ao estado 83
    ')'  deslocar, e ir ao estado 124
    '+'  deslocar, e ir ao estado 84
    '-'  deslocar, e ir ao estado 85
    '!'  deslocar, e ir ao estado 86
    '<'  deslocar, e ir ao estado 87
    '>'  deslocar, e ir ao estado 88


Estado 80

   99 unary: '-' factor •

    $padrão  reduzir usando a regra 99 (unary)


Estado 81

   64 logicexpr: logicexpr TOK_OR • logicterm

    TOK_IN          deslocar, e ir ao estado 31
    TOK_IDENTIFIER  deslocar, e ir ao estado 32
    TOK_FLOAT       deslocar, e ir ao estado 33
    TOK_INTEGER     deslocar, e ir ao estado 34
    TOK_TRUE        deslocar, e ir ao estado 35
    TOK_FALSE       deslocar, e ir ao estado 36
    '('             deslocar, e ir ao estado 37
    '-'             deslocar, e ir ao estado 38

    logicterm    ir ao estado 125
    logicfactor  ir ao estado 41
    expr         ir ao estado 93
    term         ir ao estado 43
    factor       ir ao estado 44
    unary        ir ao estado 45


Estado 82

   66 logicterm: logicterm TOK_AND • logicfactor

    TOK_IN          deslocar, e ir ao estado 31
    TOK_IDENTIFIER  deslocar, e ir ao estado 32
    TOK_FLOAT       deslocar, e ir ao estado 33
    TOK_INTEGER     deslocar, e ir ao estado 34
    TOK_TRUE        deslocar, e ir ao estado 35
    TOK_FALSE       deslocar, e ir ao estado 36
    '('             deslocar, e ir ao estado 37
    '-'             deslocar, e ir ao estado 38

    logicfactor  ir ao estado 126
    expr         ir ao estado 93
    term         ir ao estado 43
    factor       ir ao estado 44
    unary        ir ao estado 45


Estado 83

   69 logicfactor: expr '=' • '=' expr

    '='  deslocar, e ir ao estado 127


Estado 84

   75 expr: expr '+' • term

    TOK_IN          deslocar, e ir ao estado 31
    TOK_IDENTIFIER  deslocar, e ir ao estado 32
    TOK_FLOAT       deslocar, e ir ao estado 33
    TOK_INTEGER     deslocar, e ir ao estado 34
    TOK_TRUE        deslocar, e ir ao estado 35
    TOK_FALSE       deslocar, e ir ao estado 36
    '('             deslocar, e ir ao estado 49
    '-'             deslocar, e ir ao estado 38

    term    ir ao estado 128
    factor  ir ao estado 44
    unary   ir ao estado 45


Estado 85

   76 expr: expr '-' • term

    TOK_IN          deslocar, e ir ao estado 31
    TOK_IDENTIFIER  deslocar, e ir ao estado 32
    TOK_FLOAT       deslocar, e ir ao estado 33
    TOK_INTEGER     deslocar, e ir ao estado 34
    TOK_TRUE        deslocar, e ir ao estado 35
    TOK_FALSE       deslocar, e ir ao estado 36
    '('             deslocar, e ir ao estado 49
    '-'             deslocar, e ir ao estado 38

    term    ir ao estado 129
    factor  ir ao estado 44
    unary   ir ao estado 45


Estado 86

   70 logicfactor: expr '!' • '=' expr

    '='  deslocar, e ir ao estado 130


Estado 87

   71 logicfactor: expr '<' • '=' expr
   73            | expr '<' • expr

    TOK_IN          deslocar, e ir ao estado 31
    TOK_IDENTIFIER  deslocar, e ir ao estado 32
    TOK_FLOAT       deslocar, e ir ao estado 33
    TOK_INTEGER     deslocar, e ir ao estado 34
    TOK_TRUE        deslocar, e ir ao estado 35
    TOK_FALSE       deslocar, e ir ao estado 36
    '='             deslocar, e ir ao estado 131
    '('             deslocar, e ir ao estado 49
    '-'             deslocar, e ir ao estado 38

    expr    ir ao estado 132
    term    ir ao estado 43
    factor  ir ao estado 44
    unary   ir ao estado 45


Estado 88

   72 logicfactor: expr '>' • '=' expr
   74            | expr '>' • expr

    TOK_IN          deslocar, e ir ao estado 31
    TOK_IDENTIFIER  deslocar, e ir ao estado 32
    TOK_FLOAT       deslocar, e ir ao estado 33
    TOK_INTEGER     deslocar, e ir ao estado 34
    TOK_TRUE        deslocar, e ir ao estado 35
    TOK_FALSE       deslocar, e ir ao estado 36
    '='             deslocar, e ir ao estado 133
    '('             deslocar, e ir ao estado 49
    '-'             deslocar, e ir ao estado 38

    expr    ir ao estado 134
    term    ir ao estado 43
    factor  ir ao estado 44
    unary   ir ao estado 45


Estado 89

   78 term: term '*' • factor

    TOK_IN          deslocar, e ir ao estado 31
    TOK_IDENTIFIER  deslocar, e ir ao estado 32
    TOK_FLOAT       deslocar, e ir ao estado 33
    TOK_INTEGER     deslocar, e ir ao estado 34
    TOK_TRUE        deslocar, e ir ao estado 35
    TOK_FALSE       deslocar, e ir ao estado 36
    '('             deslocar, e ir ao estado 49
    '-'             deslocar, e ir ao estado 38

    factor  ir ao estado 135
    unary   ir ao estado 45


Estado 90

   79 term: term '/' • factor

    TOK_IN          deslocar, e ir ao estado 31
    TOK_IDENTIFIER  deslocar, e ir ao estado 32
    TOK_FLOAT       deslocar, e ir ao estado 33
    TOK_INTEGER     deslocar, e ir ao estado 34
    TOK_TRUE        deslocar, e ir ao estado 35
    TOK_FALSE       deslocar, e ir ao estado 36
    '('             deslocar, e ir ao estado 49
    '-'             deslocar, e ir ao estado 38

    factor  ir ao estado 136
    unary   ir ao estado 45


Estado 91

   80 term: term '%' • factor

    TOK_IN          deslocar, e ir ao estado 31
    TOK_IDENTIFIER  deslocar, e ir ao estado 32
    TOK_FLOAT       deslocar, e ir ao estado 33
    TOK_INTEGER     deslocar, e ir ao estado 34
    TOK_TRUE        deslocar, e ir ao estado 35
    TOK_FALSE       deslocar, e ir ao estado 36
    '('             deslocar, e ir ao estado 49
    '-'             deslocar, e ir ao estado 38

    factor  ir ao estado 137
    unary   ir ao estado 45


Estado 92

   57 condblock: TOK_IF '(' logicexpr • ')' stmt
   58          | TOK_IF '(' logicexpr • ')' stmt elseblock
   59          | TOK_IF '(' logicexpr • ')' '{' stmts '}'
   60          | TOK_IF '(' logicexpr • ')' '{' stmts '}' elseblock
   64 logicexpr: logicexpr • TOK_OR logicterm

    TOK_OR  deslocar, e ir ao estado 81
    ')'     deslocar, e ir ao estado 138


Estado 93

   69 logicfactor: expr • '=' '=' expr
   70            | expr • '!' '=' expr
   71            | expr • '<' '=' expr
   72            | expr • '>' '=' expr
   73            | expr • '<' expr
   74            | expr • '>' expr
   75 expr: expr • '+' term
   76     | expr • '-' term

    '='  deslocar, e ir ao estado 83
    '+'  deslocar, e ir ao estado 84
    '-'  deslocar, e ir ao estado 85
    '!'  deslocar, e ir ao estado 86
    '<'  deslocar, e ir ao estado 87
    '>'  deslocar, e ir ao estado 88


Estado 94

   63 whileblock: TOK_WHILE '(' logicexpr • ')' '{' stmts '}'
   64 logicexpr: logicexpr • TOK_OR logicterm

    TOK_OR  deslocar, e ir ao estado 81
    ')'     deslocar, e ir ao estado 139


Estado 95

   75 expr: expr • '+' term
   76     | expr • '-' term
   82 factor: '(' expr • ')'

    ')'  deslocar, e ir ao estado 124
    '+'  deslocar, e ir ao estado 84
    '-'  deslocar, e ir ao estado 85


Estado 96

    6 stmt: TOK_OUT '=' expr • ';'
   75 expr: expr • '+' term
   76     | expr • '-' term

    ';'  deslocar, e ir ao estado 140
    '+'  deslocar, e ir ao estado 84
    '-'  deslocar, e ir ao estado 85


Estado 97

   22 stmt: TOK_STEPPER expr ';' •

    $padrão  reduzir usando a regra 22 (stmt)


Estado 98

   23 stmt: TOK_SERVO expr ';' •

    $padrão  reduzir usando a regra 23 (stmt)


Estado 99

   16 stmt: TOK_DELAY expr ';' •

    $padrão  reduzir usando a regra 16 (stmt)


Estado 100

   25 rmatrix: '{' • matrix '}'
   30 relements: '{' • elements '}'

    TOK_IN          deslocar, e ir ao estado 31
    TOK_IDENTIFIER  deslocar, e ir ao estado 32
    TOK_FLOAT       deslocar, e ir ao estado 33
    TOK_INTEGER     deslocar, e ir ao estado 34
    TOK_TRUE        deslocar, e ir ao estado 35
    TOK_FALSE       deslocar, e ir ao estado 36
    '('             deslocar, e ir ao estado 49
    '-'             deslocar, e ir ao estado 38
    '{'             deslocar, e ir ao estado 141

    matrix     ir ao estado 142
    melement   ir ao estado 143
    relements  ir ao estado 144
    elements   ir ao estado 145
    element    ir ao estado 146
    factor     ir ao estado 147
    unary      ir ao estado 45


Estado 101

   15 stmt: TOK_IDENTIFIER '=' rmatrix • ';'

    ';'  deslocar, e ir ao estado 148


Estado 102

   14 stmt: TOK_IDENTIFIER '=' relements • ';'

    ';'  deslocar, e ir ao estado 149


Estado 103

    7 stmt: TOK_IDENTIFIER '=' expr • ';'
   75 expr: expr • '+' term
   76     | expr • '-' term

    ';'  deslocar, e ir ao estado 150
    '+'  deslocar, e ir ao estado 84
    '-'  deslocar, e ir ao estado 85


Estado 104

    8 stmt: TOK_IDENTIFIER '[' expr • ']' '=' expr ';'
   75 expr: expr • '+' term
   76     | expr • '-' term

    ']'  deslocar, e ir ao estado 151
    '+'  deslocar, e ir ao estado 84
    '-'  deslocar, e ir ao estado 85


Estado 105

    9 stmt: TOK_IDENTIFIER '(' paramscall • ')' ';'
   52 paramscall: paramscall • ',' expr

    ')'  deslocar, e ir ao estado 152
    ','  deslocar, e ir ao estado 153


Estado 106

   53 paramscall: expr •
   75 expr: expr • '+' term
   76     | expr • '-' term

    '+'  deslocar, e ir ao estado 84
    '-'  deslocar, e ir ao estado 85

    $padrão  reduzir usando a regra 53 (paramscall)


Estado 107

   11 stmt: TOK_IDENTIFIER '+' '=' • expr ';'

    TOK_IN          deslocar, e ir ao estado 31
    TOK_IDENTIFIER  deslocar, e ir ao estado 32
    TOK_FLOAT       deslocar, e ir ao estado 33
    TOK_INTEGER     deslocar, e ir ao estado 34
    TOK_TRUE        deslocar, e ir ao estado 35
    TOK_FALSE       deslocar, e ir ao estado 36
    '('             deslocar, e ir ao estado 49
    '-'             deslocar, e ir ao estado 38

    expr    ir ao estado 154
    term    ir ao estado 43
    factor  ir ao estado 44
    unary   ir ao estado 45


Estado 108

   10 stmt: TOK_IDENTIFIER '+' '+' • ';'

    ';'  deslocar, e ir ao estado 155


Estado 109

   12 stmt: TOK_IDENTIFIER '-' '=' • expr ';'

    TOK_IN          deslocar, e ir ao estado 31
    TOK_IDENTIFIER  deslocar, e ir ao estado 32
    TOK_FLOAT       deslocar, e ir ao estado 33
    TOK_INTEGER     deslocar, e ir ao estado 34
    TOK_TRUE        deslocar, e ir ao estado 35
    TOK_FALSE       deslocar, e ir ao estado 36
    '('             deslocar, e ir ao estado 49
    '-'             deslocar, e ir ao estado 38

    expr    ir ao estado 156
    term    ir ao estado 43
    factor  ir ao estado 44
    unary   ir ao estado 45


Estado 110

   13 stmt: TOK_IDENTIFIER '*' '=' • expr ';'

    TOK_IN          deslocar, e ir ao estado 31
    TOK_IDENTIFIER  deslocar, e ir ao estado 32
    TOK_FLOAT       deslocar, e ir ao estado 33
    TOK_INTEGER     deslocar, e ir ao estado 34
    TOK_TRUE        deslocar, e ir ao estado 35
    TOK_FALSE       deslocar, e ir ao estado 36
    '('             deslocar, e ir ao estado 49
    '-'             deslocar, e ir ao estado 38

    expr    ir ao estado 157
    term    ir ao estado 43
    factor  ir ao estado 44
    unary   ir ao estado 45


Estado 111

   46 type_f: TOK_FLONG TOK_FLONG TOK_FINT •

    $padrão  reduzir usando a regra 46 (type_f)


Estado 112

   47 type_f: TOK_FLONG TOK_FLONG TOK_FLONG • TOK_FINT

    TOK_FINT  deslocar, e ir ao estado 158


Estado 113

   35 eventblock: TOK_QUANDO TOK_INTEGER TOK_ESTA • TOK_INTEGER '{' stmts '}'

    TOK_INTEGER  deslocar, e ir ao estado 159


Estado 114

   36 funcblock: type_f TOK_IDENTIFIER '(' • funcparams ')' '{' stmts '}'

    TOK_VOID     deslocar, e ir ao estado 2
    TOK_FINT     deslocar, e ir ao estado 12
    TOK_FFLOAT   deslocar, e ir ao estado 13
    TOK_FDOUBLE  deslocar, e ir ao estado 14
    TOK_FLONG    deslocar, e ir ao estado 15
    TOK_FSHORT   deslocar, e ir ao estado 16
    TOK_FBOOL    deslocar, e ir ao estado 17

    $padrão  reduzir usando a regra 39 (funcparams)

    funcparams  ir ao estado 160
    funcparam   ir ao estado 161
    type_f      ir ao estado 162


Estado 115

   75 expr: expr • '+' term
   76     | expr • '-' term
   84 factor: TOK_IDENTIFIER '[' expr • ']'
   85       | TOK_IDENTIFIER '[' expr • ']' '[' expr ']'

    ']'  deslocar, e ir ao estado 163
    '+'  deslocar, e ir ao estado 84
    '-'  deslocar, e ir ao estado 85


Estado 116

   52 paramscall: paramscall • ',' expr
   97 factor: TOK_IDENTIFIER '(' paramscall • ')'

    ')'  deslocar, e ir ao estado 164
    ','  deslocar, e ir ao estado 153


Estado 117

   94 factor: '(' TOK_FFLOAT ')' • TOK_FLOAT

    TOK_FLOAT  deslocar, e ir ao estado 165


Estado 118

   95 factor: '(' TOK_FDOUBLE ')' • TOK_FLOAT

    TOK_FLOAT  deslocar, e ir ao estado 166


Estado 119

   91 factor: '(' TOK_FLONG TOK_FINT • ')' TOK_INTEGER

    ')'  deslocar, e ir ao estado 167


Estado 120

   92 factor: '(' TOK_FLONG TOK_FLONG • TOK_FINT ')' TOK_INTEGER

    TOK_FINT  deslocar, e ir ao estado 168


Estado 121

   90 factor: '(' TOK_FSHORT TOK_FINT • ')' TOK_INTEGER

    ')'  deslocar, e ir ao estado 169


Estado 122

   93 factor: '(' TOK_FSHORT TOK_FFLOAT • ')' TOK_FLOAT

    ')'  deslocar, e ir ao estado 170


Estado 123

   68 logicfactor: '(' logicexpr ')' •

    $padrão  reduzir usando a regra 68 (logicfactor)


Estado 124

   82 factor: '(' expr ')' •

    $padrão  reduzir usando a regra 82 (factor)


Estado 125

   64 logicexpr: logicexpr TOK_OR logicterm •
   66 logicterm: logicterm • TOK_AND logicfactor

    TOK_AND  deslocar, e ir ao estado 82

    $padrão  reduzir usando a regra 64 (logicexpr)


Estado 126

   66 logicterm: logicterm TOK_AND logicfactor •

    $padrão  reduzir usando a regra 66 (logicterm)


Estado 127

   69 logicfactor: expr '=' '=' • expr

    TOK_IN          deslocar, e ir ao estado 31
    TOK_IDENTIFIER  deslocar, e ir ao estado 32
    TOK_FLOAT       deslocar, e ir ao estado 33
    TOK_INTEGER     deslocar, e ir ao estado 34
    TOK_TRUE        deslocar, e ir ao estado 35
    TOK_FALSE       deslocar, e ir ao estado 36
    '('             deslocar, e ir ao estado 49
    '-'             deslocar, e ir ao estado 38

    expr    ir ao estado 171
    term    ir ao estado 43
    factor  ir ao estado 44
    unary   ir ao estado 45


Estado 128

   75 expr: expr '+' term •
   78 term: term • '*' factor
   79     | term • '/' factor
   80     | term • '%' factor

    '*'  deslocar, e ir ao estado 89
    '/'  deslocar, e ir ao estado 90
    '%'  deslocar, e ir ao estado 91

    $padrão  reduzir usando a regra 75 (expr)


Estado 129

   76 expr: expr '-' term •
   78 term: term • '*' factor
   79     | term • '/' factor
   80     | term • '%' factor

    '*'  deslocar, e ir ao estado 89
    '/'  deslocar, e ir ao estado 90
    '%'  deslocar, e ir ao estado 91

    $padrão  reduzir usando a regra 76 (expr)


Estado 130

   70 logicfactor: expr '!' '=' • expr

    TOK_IN          deslocar, e ir ao estado 31
    TOK_IDENTIFIER  deslocar, e ir ao estado 32
    TOK_FLOAT       deslocar, e ir ao estado 33
    TOK_INTEGER     deslocar, e ir ao estado 34
    TOK_TRUE        deslocar, e ir ao estado 35
    TOK_FALSE       deslocar, e ir ao estado 36
    '('             deslocar, e ir ao estado 49
    '-'             deslocar, e ir ao estado 38

    expr    ir ao estado 172
    term    ir ao estado 43
    factor  ir ao estado 44
    unary   ir ao estado 45


Estado 131

   71 logicfactor: expr '<' '=' • expr

    TOK_IN          deslocar, e ir ao estado 31
    TOK_IDENTIFIER  deslocar, e ir ao estado 32
    TOK_FLOAT       deslocar, e ir ao estado 33
    TOK_INTEGER     deslocar, e ir ao estado 34
    TOK_TRUE        deslocar, e ir ao estado 35
    TOK_FALSE       deslocar, e ir ao estado 36
    '('             deslocar, e ir ao estado 49
    '-'             deslocar, e ir ao estado 38

    expr    ir ao estado 173
    term    ir ao estado 43
    factor  ir ao estado 44
    unary   ir ao estado 45


Estado 132

   73 logicfactor: expr '<' expr •
   75 expr: expr • '+' term
   76     | expr • '-' term

    '+'  deslocar, e ir ao estado 84
    '-'  deslocar, e ir ao estado 85

    $padrão  reduzir usando a regra 73 (logicfactor)


Estado 133

   72 logicfactor: expr '>' '=' • expr

    TOK_IN          deslocar, e ir ao estado 31
    TOK_IDENTIFIER  deslocar, e ir ao estado 32
    TOK_FLOAT       deslocar, e ir ao estado 33
    TOK_INTEGER     deslocar, e ir ao estado 34
    TOK_TRUE        deslocar, e ir ao estado 35
    TOK_FALSE       deslocar, e ir ao estado 36
    '('             deslocar, e ir ao estado 49
    '-'             deslocar, e ir ao estado 38

    expr    ir ao estado 174
    term    ir ao estado 43
    factor  ir ao estado 44
    unary   ir ao estado 45


Estado 134

   74 logicfactor: expr '>' expr •
   75 expr: expr • '+' term
   76     | expr • '-' term

    '+'  deslocar, e ir ao estado 84
    '-'  deslocar, e ir ao estado 85

    $padrão  reduzir usando a regra 74 (logicfactor)


Estado 135

   78 term: term '*' factor •

    $padrão  reduzir usando a regra 78 (term)


Estado 136

   79 term: term '/' factor •

    $padrão  reduzir usando a regra 79 (term)


Estado 137

   80 term: term '%' factor •

    $padrão  reduzir usando a regra 80 (term)


Estado 138

   57 condblock: TOK_IF '(' logicexpr ')' • stmt
   58          | TOK_IF '(' logicexpr ')' • stmt elseblock
   59          | TOK_IF '(' logicexpr ')' • '{' stmts '}'
   60          | TOK_IF '(' logicexpr ')' • '{' stmts '}' elseblock

    error           deslocar, e ir ao estado 1
    TOK_VOID        deslocar, e ir ao estado 2
    TOK_RETURN      deslocar, e ir ao estado 3
    TOK_IF          deslocar, e ir ao estado 4
    TOK_WHILE       deslocar, e ir ao estado 5
    TOK_PRINT       deslocar, e ir ao estado 6
    TOK_OUT         deslocar, e ir ao estado 7
    TOK_STEPPER     deslocar, e ir ao estado 8
    TOK_SERVO       deslocar, e ir ao estado 9
    TOK_DELAY       deslocar, e ir ao estado 10
    TOK_IDENTIFIER  deslocar, e ir ao estado 11
    TOK_FINT        deslocar, e ir ao estado 12
    TOK_FFLOAT      deslocar, e ir ao estado 13
    TOK_FDOUBLE     deslocar, e ir ao estado 14
    TOK_FLONG       deslocar, e ir ao estado 15
    TOK_FSHORT      deslocar, e ir ao estado 16
    TOK_FBOOL       deslocar, e ir ao estado 17
    TOK_QUANDO      deslocar, e ir ao estado 18
    '{'             deslocar, e ir ao estado 175

    fe           ir ao estado 21
    stmt         ir ao estado 176
    eventblock   ir ao estado 23
    funcblock    ir ao estado 24
    type_f       ir ao estado 25
    returnblock  ir ao estado 26
    condblock    ir ao estado 27
    whileblock   ir ao estado 28
    printstmt    ir ao estado 29


Estado 139

   63 whileblock: TOK_WHILE '(' logicexpr ')' • '{' stmts '}'

    '{'  deslocar, e ir ao estado 177


Estado 140

    6 stmt: TOK_OUT '=' expr ';' •

    $padrão  reduzir usando a regra 6 (stmt)


Estado 141

   30 relements: '{' • elements '}'

    TOK_IN          deslocar, e ir ao estado 31
    TOK_IDENTIFIER  deslocar, e ir ao estado 32
    TOK_FLOAT       deslocar, e ir ao estado 33
    TOK_INTEGER     deslocar, e ir ao estado 34
    TOK_TRUE        deslocar, e ir ao estado 35
    TOK_FALSE       deslocar, e ir ao estado 36
    '('             deslocar, e ir ao estado 49
    '-'             deslocar, e ir ao estado 38

    elements  ir ao estado 145
    element   ir ao estado 146
    factor    ir ao estado 147
    unary     ir ao estado 45


Estado 142

   25 rmatrix: '{' matrix • '}'
   26 matrix: matrix • ',' melement

    '}'  deslocar, e ir ao estado 178
    ','  deslocar, e ir ao estado 179


Estado 143

   27 matrix: melement •

    $padrão  reduzir usando a regra 27 (matrix)


Estado 144

   28 melement: relements • ':' TOK_INTEGER
   29         | relements •

    ':'  deslocar, e ir ao estado 180

    $padrão  reduzir usando a regra 29 (melement)


Estado 145

   30 relements: '{' elements • '}'
   31 elements: elements • ',' element

    '}'  deslocar, e ir ao estado 181
    ','  deslocar, e ir ao estado 182


Estado 146

   32 elements: element •

    $padrão  reduzir usando a regra 32 (elements)


Estado 147

   33 element: factor • ':' TOK_INTEGER
   34        | factor •

    ':'  deslocar, e ir ao estado 183

    $padrão  reduzir usando a regra 34 (element)


Estado 148

   15 stmt: TOK_IDENTIFIER '=' rmatrix ';' •

    $padrão  reduzir usando a regra 15 (stmt)


Estado 149

   14 stmt: TOK_IDENTIFIER '=' relements ';' •

    $padrão  reduzir usando a regra 14 (stmt)


Estado 150

    7 stmt: TOK_IDENTIFIER '=' expr ';' •

    $padrão  reduzir usando a regra 7 (stmt)


Estado 151

    8 stmt: TOK_IDENTIFIER '[' expr ']' • '=' expr ';'

    '='  deslocar, e ir ao estado 184


Estado 152

    9 stmt: TOK_IDENTIFIER '(' paramscall ')' • ';'

    ';'  deslocar, e ir ao estado 185


Estado 153

   52 paramscall: paramscall ',' • expr

    TOK_IN          deslocar, e ir ao estado 31
    TOK_IDENTIFIER  deslocar, e ir ao estado 32
    TOK_FLOAT       deslocar, e ir ao estado 33
    TOK_INTEGER     deslocar, e ir ao estado 34
    TOK_TRUE        deslocar, e ir ao estado 35
    TOK_FALSE       deslocar, e ir ao estado 36
    '('             deslocar, e ir ao estado 49
    '-'             deslocar, e ir ao estado 38

    expr    ir ao estado 186
    term    ir ao estado 43
    factor  ir ao estado 44
    unary   ir ao estado 45


Estado 154

   11 stmt: TOK_IDENTIFIER '+' '=' expr • ';'
   75 expr: expr • '+' term
   76     | expr • '-' term

    ';'  deslocar, e ir ao estado 187
    '+'  deslocar, e ir ao estado 84
    '-'  deslocar, e ir ao estado 85


Estado 155

   10 stmt: TOK_IDENTIFIER '+' '+' ';' •

    $padrão  reduzir usando a regra 10 (stmt)


Estado 156

   12 stmt: TOK_IDENTIFIER '-' '=' expr • ';'
   75 expr: expr • '+' term
   76     | expr • '-' term

    ';'  deslocar, e ir ao estado 188
    '+'  deslocar, e ir ao estado 84
    '-'  deslocar, e ir ao estado 85


Estado 157

   13 stmt: TOK_IDENTIFIER '*' '=' expr • ';'
   75 expr: expr • '+' term
   76     | expr • '-' term

    ';'  deslocar, e ir ao estado 189
    '+'  deslocar, e ir ao estado 84
    '-'  deslocar, e ir ao estado 85


Estado 158

   47 type_f: TOK_FLONG TOK_FLONG TOK_FLONG TOK_FINT •

    $padrão  reduzir usando a regra 47 (type_f)


Estado 159

   35 eventblock: TOK_QUANDO TOK_INTEGER TOK_ESTA TOK_INTEGER • '{' stmts '}'

    '{'  deslocar, e ir ao estado 190


Estado 160

   36 funcblock: type_f TOK_IDENTIFIER '(' funcparams • ')' '{' stmts '}'
   37 funcparams: funcparams • ',' funcparam

    ')'  deslocar, e ir ao estado 191
    ','  deslocar, e ir ao estado 192


Estado 161

   38 funcparams: funcparam •

    $padrão  reduzir usando a regra 38 (funcparams)


Estado 162

   40 funcparam: type_f • TOK_IDENTIFIER

    TOK_IDENTIFIER  deslocar, e ir ao estado 193


Estado 163

   84 factor: TOK_IDENTIFIER '[' expr ']' •
   85       | TOK_IDENTIFIER '[' expr ']' • '[' expr ']'

    '['  deslocar, e ir ao estado 194

    $padrão  reduzir usando a regra 84 (factor)


Estado 164

   97 factor: TOK_IDENTIFIER '(' paramscall ')' •

    $padrão  reduzir usando a regra 97 (factor)


Estado 165

   94 factor: '(' TOK_FFLOAT ')' TOK_FLOAT •

    $padrão  reduzir usando a regra 94 (factor)


Estado 166

   95 factor: '(' TOK_FDOUBLE ')' TOK_FLOAT •

    $padrão  reduzir usando a regra 95 (factor)


Estado 167

   91 factor: '(' TOK_FLONG TOK_FINT ')' • TOK_INTEGER

    TOK_INTEGER  deslocar, e ir ao estado 195


Estado 168

   92 factor: '(' TOK_FLONG TOK_FLONG TOK_FINT • ')' TOK_INTEGER

    ')'  deslocar, e ir ao estado 196


Estado 169

   90 factor: '(' TOK_FSHORT TOK_FINT ')' • TOK_INTEGER

    TOK_INTEGER  deslocar, e ir ao estado 197


Estado 170

   93 factor: '(' TOK_FSHORT TOK_FFLOAT ')' • TOK_FLOAT

    TOK_FLOAT  deslocar, e ir ao estado 198


Estado 171

   69 logicfactor: expr '=' '=' expr •
   75 expr: expr • '+' term
   76     | expr • '-' term

    '+'  deslocar, e ir ao estado 84
    '-'  deslocar, e ir ao estado 85

    $padrão  reduzir usando a regra 69 (logicfactor)


Estado 172

   70 logicfactor: expr '!' '=' expr •
   75 expr: expr • '+' term
   76     | expr • '-' term

    '+'  deslocar, e ir ao estado 84
    '-'  deslocar, e ir ao estado 85

    $padrão  reduzir usando a regra 70 (logicfactor)


Estado 173

   71 logicfactor: expr '<' '=' expr •
   75 expr: expr • '+' term
   76     | expr • '-' term

    '+'  deslocar, e ir ao estado 84
    '-'  deslocar, e ir ao estado 85

    $padrão  reduzir usando a regra 71 (logicfactor)


Estado 174

   72 logicfactor: expr '>' '=' expr •
   75 expr: expr • '+' term
   76     | expr • '-' term

    '+'  deslocar, e ir ao estado 84
    '-'  deslocar, e ir ao estado 85

    $padrão  reduzir usando a regra 72 (logicfactor)


Estado 175

   59 condblock: TOK_IF '(' logicexpr ')' '{' • stmts '}'
   60          | TOK_IF '(' logicexpr ')' '{' • stmts '}' elseblock

    error           deslocar, e ir ao estado 1
    TOK_VOID        deslocar, e ir ao estado 2
    TOK_RETURN      deslocar, e ir ao estado 3
    TOK_IF          deslocar, e ir ao estado 4
    TOK_WHILE       deslocar, e ir ao estado 5
    TOK_PRINT       deslocar, e ir ao estado 6
    TOK_OUT         deslocar, e ir ao estado 7
    TOK_STEPPER     deslocar, e ir ao estado 8
    TOK_SERVO       deslocar, e ir ao estado 9
    TOK_DELAY       deslocar, e ir ao estado 10
    TOK_IDENTIFIER  deslocar, e ir ao estado 11
    TOK_FINT        deslocar, e ir ao estado 12
    TOK_FFLOAT      deslocar, e ir ao estado 13
    TOK_FDOUBLE     deslocar, e ir ao estado 14
    TOK_FLONG       deslocar, e ir ao estado 15
    TOK_FSHORT      deslocar, e ir ao estado 16
    TOK_FBOOL       deslocar, e ir ao estado 17
    TOK_QUANDO      deslocar, e ir ao estado 18

    stmts        ir ao estado 199
    fe           ir ao estado 21
    stmt         ir ao estado 22
    eventblock   ir ao estado 23
    funcblock    ir ao estado 24
    type_f       ir ao estado 25
    returnblock  ir ao estado 26
    condblock    ir ao estado 27
    whileblock   ir ao estado 28
    printstmt    ir ao estado 29


Estado 176

   57 condblock: TOK_IF '(' logicexpr ')' stmt •
   58          | TOK_IF '(' logicexpr ')' stmt • elseblock

    TOK_ELSE  deslocar, e ir ao estado 200

    $padrão  reduzir usando a regra 57 (condblock)

    elseblock  ir ao estado 201


Estado 177

   63 whileblock: TOK_WHILE '(' logicexpr ')' '{' • stmts '}'

    error           deslocar, e ir ao estado 1
    TOK_VOID        deslocar, e ir ao estado 2
    TOK_RETURN      deslocar, e ir ao estado 3
    TOK_IF          deslocar, e ir ao estado 4
    TOK_WHILE       deslocar, e ir ao estado 5
    TOK_PRINT       deslocar, e ir ao estado 6
    TOK_OUT         deslocar, e ir ao estado 7
    TOK_STEPPER     deslocar, e ir ao estado 8
    TOK_SERVO       deslocar, e ir ao estado 9
    TOK_DELAY       deslocar, e ir ao estado 10
    TOK_IDENTIFIER  deslocar, e ir ao estado 11
    TOK_FINT        deslocar, e ir ao estado 12
    TOK_FFLOAT      deslocar, e ir ao estado 13
    TOK_FDOUBLE     deslocar, e ir ao estado 14
    TOK_FLONG       deslocar, e ir ao estado 15
    TOK_FSHORT      deslocar, e ir ao estado 16
    TOK_FBOOL       deslocar, e ir ao estado 17
    TOK_QUANDO      deslocar, e ir ao estado 18

    stmts        ir ao estado 202
    fe           ir ao estado 21
    stmt         ir ao estado 22
    eventblock   ir ao estado 23
    funcblock    ir ao estado 24
    type_f       ir ao estado 25
    returnblock  ir ao estado 26
    condblock    ir ao estado 27
    whileblock   ir ao estado 28
    printstmt    ir ao estado 29


Estado 178

   25 rmatrix: '{' matrix '}' •

    $padrão  reduzir usando a regra 25 (rmatrix)


Estado 179

   26 matrix: matrix ',' • melement

    '{'  deslocar, e ir ao estado 141

    melement   ir ao estado 203
    relements  ir ao estado 144


Estado 180

   28 melement: relements ':' • TOK_INTEGER

    TOK_INTEGER  deslocar, e ir ao estado 204


Estado 181

   30 relements: '{' elements '}' •

    $padrão  reduzir usando a regra 30 (relements)


Estado 182

   31 elements: elements ',' • element

    TOK_IN          deslocar, e ir ao estado 31
    TOK_IDENTIFIER  deslocar, e ir ao estado 32
    TOK_FLOAT       deslocar, e ir ao estado 33
    TOK_INTEGER     deslocar, e ir ao estado 34
    TOK_TRUE        deslocar, e ir ao estado 35
    TOK_FALSE       deslocar, e ir ao estado 36
    '('             deslocar, e ir ao estado 49
    '-'             deslocar, e ir ao estado 38

    element  ir ao estado 205
    factor   ir ao estado 147
    unary    ir ao estado 45


Estado 183

   33 element: factor ':' • TOK_INTEGER

    TOK_INTEGER  deslocar, e ir ao estado 206


Estado 184

    8 stmt: TOK_IDENTIFIER '[' expr ']' '=' • expr ';'

    TOK_IN          deslocar, e ir ao estado 31
    TOK_IDENTIFIER  deslocar, e ir ao estado 32
    TOK_FLOAT       deslocar, e ir ao estado 33
    TOK_INTEGER     deslocar, e ir ao estado 34
    TOK_TRUE        deslocar, e ir ao estado 35
    TOK_FALSE       deslocar, e ir ao estado 36
    '('             deslocar, e ir ao estado 49
    '-'             deslocar, e ir ao estado 38

    expr    ir ao estado 207
    term    ir ao estado 43
    factor  ir ao estado 44
    unary   ir ao estado 45


Estado 185

    9 stmt: TOK_IDENTIFIER '(' paramscall ')' ';' •

    $padrão  reduzir usando a regra 9 (stmt)


Estado 186

   52 paramscall: paramscall ',' expr •
   75 expr: expr • '+' term
   76     | expr • '-' term

    '+'  deslocar, e ir ao estado 84
    '-'  deslocar, e ir ao estado 85

    $padrão  reduzir usando a regra 52 (paramscall)


Estado 187

   11 stmt: TOK_IDENTIFIER '+' '=' expr ';' •

    $padrão  reduzir usando a regra 11 (stmt)


Estado 188

   12 stmt: TOK_IDENTIFIER '-' '=' expr ';' •

    $padrão  reduzir usando a regra 12 (stmt)


Estado 189

   13 stmt: TOK_IDENTIFIER '*' '=' expr ';' •

    $padrão  reduzir usando a regra 13 (stmt)


Estado 190

   35 eventblock: TOK_QUANDO TOK_INTEGER TOK_ESTA TOK_INTEGER '{' • stmts '}'

    error           deslocar, e ir ao estado 1
    TOK_VOID        deslocar, e ir ao estado 2
    TOK_RETURN      deslocar, e ir ao estado 3
    TOK_IF          deslocar, e ir ao estado 4
    TOK_WHILE       deslocar, e ir ao estado 5
    TOK_PRINT       deslocar, e ir ao estado 6
    TOK_OUT         deslocar, e ir ao estado 7
    TOK_STEPPER     deslocar, e ir ao estado 8
    TOK_SERVO       deslocar, e ir ao estado 9
    TOK_DELAY       deslocar, e ir ao estado 10
    TOK_IDENTIFIER  deslocar, e ir ao estado 11
    TOK_FINT        deslocar, e ir ao estado 12
    TOK_FFLOAT      deslocar, e ir ao estado 13
    TOK_FDOUBLE     deslocar, e ir ao estado 14
    TOK_FLONG       deslocar, e ir ao estado 15
    TOK_FSHORT      deslocar, e ir ao estado 16
    TOK_FBOOL       deslocar, e ir ao estado 17
    TOK_QUANDO      deslocar, e ir ao estado 18

    stmts        ir ao estado 208
    fe           ir ao estado 21
    stmt         ir ao estado 22
    eventblock   ir ao estado 23
    funcblock    ir ao estado 24
    type_f       ir ao estado 25
    returnblock  ir ao estado 26
    condblock    ir ao estado 27
    whileblock   ir ao estado 28
    printstmt    ir ao estado 29


Estado 191

   36 funcblock: type_f TOK_IDENTIFIER '(' funcparams ')' • '{' stmts '}'

    '{'  deslocar, e ir ao estado 209


Estado 192

   37 funcparams: funcparams ',' • funcparam

    TOK_VOID     deslocar, e ir ao estado 2
    TOK_FINT     deslocar, e ir ao estado 12
    TOK_FFLOAT   deslocar, e ir ao estado 13
    TOK_FDOUBLE  deslocar, e ir ao estado 14
    TOK_FLONG    deslocar, e ir ao estado 15
    TOK_FSHORT   deslocar, e ir ao estado 16
    TOK_FBOOL    deslocar, e ir ao estado 17

    funcparam  ir ao estado 210
    type_f     ir ao estado 162


Estado 193

   40 funcparam: type_f TOK_IDENTIFIER •

    $padrão  reduzir usando a regra 40 (funcparam)


Estado 194

   85 factor: TOK_IDENTIFIER '[' expr ']' '[' • expr ']'

    TOK_IN          deslocar, e ir ao estado 31
    TOK_IDENTIFIER  deslocar, e ir ao estado 32
    TOK_FLOAT       deslocar, e ir ao estado 33
    TOK_INTEGER     deslocar, e ir ao estado 34
    TOK_TRUE        deslocar, e ir ao estado 35
    TOK_FALSE       deslocar, e ir ao estado 36
    '('             deslocar, e ir ao estado 49
    '-'             deslocar, e ir ao estado 38

    expr    ir ao estado 211
    term    ir ao estado 43
    factor  ir ao estado 44
    unary   ir ao estado 45


Estado 195

   91 factor: '(' TOK_FLONG TOK_FINT ')' TOK_INTEGER •

    $padrão  reduzir usando a regra 91 (factor)


Estado 196

   92 factor: '(' TOK_FLONG TOK_FLONG TOK_FINT ')' • TOK_INTEGER

    TOK_INTEGER  deslocar, e ir ao estado 212


Estado 197

   90 factor: '(' TOK_FSHORT TOK_FINT ')' TOK_INTEGER •

    $padrão  reduzir usando a regra 90 (factor)


Estado 198

   93 factor: '(' TOK_FSHORT TOK_FFLOAT ')' TOK_FLOAT •

    $padrão  reduzir usando a regra 93 (factor)


Estado 199

    2 stmts: stmts • stmt
   59 condblock: TOK_IF '(' logicexpr ')' '{' stmts • '}'
   60          | TOK_IF '(' logicexpr ')' '{' stmts • '}' elseblock

    error           deslocar, e ir ao estado 1
    TOK_VOID        deslocar, e ir ao estado 2
    TOK_RETURN      deslocar, e ir ao estado 3
    TOK_IF          deslocar, e ir ao estado 4
    TOK_WHILE       deslocar, e ir ao estado 5
    TOK_PRINT       deslocar, e ir ao estado 6
    TOK_OUT         deslocar, e ir ao estado 7
    TOK_STEPPER     deslocar, e ir ao estado 8
    TOK_SERVO       deslocar, e ir ao estado 9
    TOK_DELAY       deslocar, e ir ao estado 10
    TOK_IDENTIFIER  deslocar, e ir ao estado 11
    TOK_FINT        deslocar, e ir ao estado 12
    TOK_FFLOAT      deslocar, e ir ao estado 13
    TOK_FDOUBLE     deslocar, e ir ao estado 14
    TOK_FLONG       deslocar, e ir ao estado 15
    TOK_FSHORT      deslocar, e ir ao estado 16
    TOK_FBOOL       deslocar, e ir ao estado 17
    TOK_QUANDO      deslocar, e ir ao estado 18
    '}'             deslocar, e ir ao estado 213

    fe           ir ao estado 21
    stmt         ir ao estado 68
    eventblock   ir ao estado 23
    funcblock    ir ao estado 24
    type_f       ir ao estado 25
    returnblock  ir ao estado 26
    condblock    ir ao estado 27
    whileblock   ir ao estado 28
    printstmt    ir ao estado 29


Estado 200

   61 elseblock: TOK_ELSE • stmt
   62          | TOK_ELSE • '{' stmts '}'

    error           deslocar, e ir ao estado 1
    TOK_VOID        deslocar, e ir ao estado 2
    TOK_RETURN      deslocar, e ir ao estado 3
    TOK_IF          deslocar, e ir ao estado 4
    TOK_WHILE       deslocar, e ir ao estado 5
    TOK_PRINT       deslocar, e ir ao estado 6
    TOK_OUT         deslocar, e ir ao estado 7
    TOK_STEPPER     deslocar, e ir ao estado 8
    TOK_SERVO       deslocar, e ir ao estado 9
    TOK_DELAY       deslocar, e ir ao estado 10
    TOK_IDENTIFIER  deslocar, e ir ao estado 11
    TOK_FINT        deslocar, e ir ao estado 12
    TOK_FFLOAT      deslocar, e ir ao estado 13
    TOK_FDOUBLE     deslocar, e ir ao estado 14
    TOK_FLONG       deslocar, e ir ao estado 15
    TOK_FSHORT      deslocar, e ir ao estado 16
    TOK_FBOOL       deslocar, e ir ao estado 17
    TOK_QUANDO      deslocar, e ir ao estado 18
    '{'             deslocar, e ir ao estado 214

    fe           ir ao estado 21
    stmt         ir ao estado 215
    eventblock   ir ao estado 23
    funcblock    ir ao estado 24
    type_f       ir ao estado 25
    returnblock  ir ao estado 26
    condblock    ir ao estado 27
    whileblock   ir ao estado 28
    printstmt    ir ao estado 29


Estado 201

   58 condblock: TOK_IF '(' logicexpr ')' stmt elseblock •

    $padrão  reduzir usando a regra 58 (condblock)


Estado 202

    2 stmts: stmts • stmt
   63 whileblock: TOK_WHILE '(' logicexpr ')' '{' stmts • '}'

    error           deslocar, e ir ao estado 1
    TOK_VOID        deslocar, e ir ao estado 2
    TOK_RETURN      deslocar, e ir ao estado 3
    TOK_IF          deslocar, e ir ao estado 4
    TOK_WHILE       deslocar, e ir ao estado 5
    TOK_PRINT       deslocar, e ir ao estado 6
    TOK_OUT         deslocar, e ir ao estado 7
    TOK_STEPPER     deslocar, e ir ao estado 8
    TOK_SERVO       deslocar, e ir ao estado 9
    TOK_DELAY       deslocar, e ir ao estado 10
    TOK_IDENTIFIER  deslocar, e ir ao estado 11
    TOK_FINT        deslocar, e ir ao estado 12
    TOK_FFLOAT      deslocar, e ir ao estado 13
    TOK_FDOUBLE     deslocar, e ir ao estado 14
    TOK_FLONG       deslocar, e ir ao estado 15
    TOK_FSHORT      deslocar, e ir ao estado 16
    TOK_FBOOL       deslocar, e ir ao estado 17
    TOK_QUANDO      deslocar, e ir ao estado 18
    '}'             deslocar, e ir ao estado 216

    fe           ir ao estado 21
    stmt         ir ao estado 68
    eventblock   ir ao estado 23
    funcblock    ir ao estado 24
    type_f       ir ao estado 25
    returnblock  ir ao estado 26
    condblock    ir ao estado 27
    whileblock   ir ao estado 28
    printstmt    ir ao estado 29


Estado 203

   26 matrix: matrix ',' melement •

    $padrão  reduzir usando a regra 26 (matrix)


Estado 204

   28 melement: relements ':' TOK_INTEGER •

    $padrão  reduzir usando a regra 28 (melement)


Estado 205

   31 elements: elements ',' element •

    $padrão  reduzir usando a regra 31 (elements)


Estado 206

   33 element: factor ':' TOK_INTEGER •

    $padrão  reduzir usando a regra 33 (element)


Estado 207

    8 stmt: TOK_IDENTIFIER '[' expr ']' '=' expr • ';'
   75 expr: expr • '+' term
   76     | expr • '-' term

    ';'  deslocar, e ir ao estado 217
    '+'  deslocar, e ir ao estado 84
    '-'  deslocar, e ir ao estado 85


Estado 208

    2 stmts: stmts • stmt
   35 eventblock: TOK_QUANDO TOK_INTEGER TOK_ESTA TOK_INTEGER '{' stmts • '}'

    error           deslocar, e ir ao estado 1
    TOK_VOID        deslocar, e ir ao estado 2
    TOK_RETURN      deslocar, e ir ao estado 3
    TOK_IF          deslocar, e ir ao estado 4
    TOK_WHILE       deslocar, e ir ao estado 5
    TOK_PRINT       deslocar, e ir ao estado 6
    TOK_OUT         deslocar, e ir ao estado 7
    TOK_STEPPER     deslocar, e ir ao estado 8
    TOK_SERVO       deslocar, e ir ao estado 9
    TOK_DELAY       deslocar, e ir ao estado 10
    TOK_IDENTIFIER  deslocar, e ir ao estado 11
    TOK_FINT        deslocar, e ir ao estado 12
    TOK_FFLOAT      deslocar, e ir ao estado 13
    TOK_FDOUBLE     deslocar, e ir ao estado 14
    TOK_FLONG       deslocar, e ir ao estado 15
    TOK_FSHORT      deslocar, e ir ao estado 16
    TOK_FBOOL       deslocar, e ir ao estado 17
    TOK_QUANDO      deslocar, e ir ao estado 18
    '}'             deslocar, e ir ao estado 218

    fe           ir ao estado 21
    stmt         ir ao estado 68
    eventblock   ir ao estado 23
    funcblock    ir ao estado 24
    type_f       ir ao estado 25
    returnblock  ir ao estado 26
    condblock    ir ao estado 27
    whileblock   ir ao estado 28
    printstmt    ir ao estado 29


Estado 209

   36 funcblock: type_f TOK_IDENTIFIER '(' funcparams ')' '{' • stmts '}'

    error           deslocar, e ir ao estado 1
    TOK_VOID        deslocar, e ir ao estado 2
    TOK_RETURN      deslocar, e ir ao estado 3
    TOK_IF          deslocar, e ir ao estado 4
    TOK_WHILE       deslocar, e ir ao estado 5
    TOK_PRINT       deslocar, e ir ao estado 6
    TOK_OUT         deslocar, e ir ao estado 7
    TOK_STEPPER     deslocar, e ir ao estado 8
    TOK_SERVO       deslocar, e ir ao estado 9
    TOK_DELAY       deslocar, e ir ao estado 10
    TOK_IDENTIFIER  deslocar, e ir ao estado 11
    TOK_FINT        deslocar, e ir ao estado 12
    TOK_FFLOAT      deslocar, e ir ao estado 13
    TOK_FDOUBLE     deslocar, e ir ao estado 14
    TOK_FLONG       deslocar, e ir ao estado 15
    TOK_FSHORT      deslocar, e ir ao estado 16
    TOK_FBOOL       deslocar, e ir ao estado 17
    TOK_QUANDO      deslocar, e ir ao estado 18

    stmts        ir ao estado 219
    fe           ir ao estado 21
    stmt         ir ao estado 22
    eventblock   ir ao estado 23
    funcblock    ir ao estado 24
    type_f       ir ao estado 25
    returnblock  ir ao estado 26
    condblock    ir ao estado 27
    whileblock   ir ao estado 28
    printstmt    ir ao estado 29


Estado 210

   37 funcparams: funcparams ',' funcparam •

    $padrão  reduzir usando a regra 37 (funcparams)


Estado 211

   75 expr: expr • '+' term
   76     | expr • '-' term
   85 factor: TOK_IDENTIFIER '[' expr ']' '[' expr • ']'

    ']'  deslocar, e ir ao estado 220
    '+'  deslocar, e ir ao estado 84
    '-'  deslocar, e ir ao estado 85


Estado 212

   92 factor: '(' TOK_FLONG TOK_FLONG TOK_FINT ')' TOK_INTEGER •

    $padrão  reduzir usando a regra 92 (factor)


Estado 213

   59 condblock: TOK_IF '(' logicexpr ')' '{' stmts '}' •
   60          | TOK_IF '(' logicexpr ')' '{' stmts '}' • elseblock

    TOK_ELSE  deslocar, e ir ao estado 200

    $padrão  reduzir usando a regra 59 (condblock)

    elseblock  ir ao estado 221


Estado 214

   62 elseblock: TOK_ELSE '{' • stmts '}'

    error           deslocar, e ir ao estado 1
    TOK_VOID        deslocar, e ir ao estado 2
    TOK_RETURN      deslocar, e ir ao estado 3
    TOK_IF          deslocar, e ir ao estado 4
    TOK_WHILE       deslocar, e ir ao estado 5
    TOK_PRINT       deslocar, e ir ao estado 6
    TOK_OUT         deslocar, e ir ao estado 7
    TOK_STEPPER     deslocar, e ir ao estado 8
    TOK_SERVO       deslocar, e ir ao estado 9
    TOK_DELAY       deslocar, e ir ao estado 10
    TOK_IDENTIFIER  deslocar, e ir ao estado 11
    TOK_FINT        deslocar, e ir ao estado 12
    TOK_FFLOAT      deslocar, e ir ao estado 13
    TOK_FDOUBLE     deslocar, e ir ao estado 14
    TOK_FLONG       deslocar, e ir ao estado 15
    TOK_FSHORT      deslocar, e ir ao estado 16
    TOK_FBOOL       deslocar, e ir ao estado 17
    TOK_QUANDO      deslocar, e ir ao estado 18

    stmts        ir ao estado 222
    fe           ir ao estado 21
    stmt         ir ao estado 22
    eventblock   ir ao estado 23
    funcblock    ir ao estado 24
    type_f       ir ao estado 25
    returnblock  ir ao estado 26
    condblock    ir ao estado 27
    whileblock   ir ao estado 28
    printstmt    ir ao estado 29


Estado 215

   61 elseblock: TOK_ELSE stmt •

    $padrão  reduzir usando a regra 61 (elseblock)


Estado 216

   63 whileblock: TOK_WHILE '(' logicexpr ')' '{' stmts '}' •

    $padrão  reduzir usando a regra 63 (whileblock)


Estado 217

    8 stmt: TOK_IDENTIFIER '[' expr ']' '=' expr ';' •

    $padrão  reduzir usando a regra 8 (stmt)


Estado 218

   35 eventblock: TOK_QUANDO TOK_INTEGER TOK_ESTA TOK_INTEGER '{' stmts '}' •

    $padrão  reduzir usando a regra 35 (eventblock)


Estado 219

    2 stmts: stmts • stmt
   36 funcblock: type_f TOK_IDENTIFIER '(' funcparams ')' '{' stmts • '}'

    error           deslocar, e ir ao estado 1
    TOK_VOID        deslocar, e ir ao estado 2
    TOK_RETURN      deslocar, e ir ao estado 3
    TOK_IF          deslocar, e ir ao estado 4
    TOK_WHILE       deslocar, e ir ao estado 5
    TOK_PRINT       deslocar, e ir ao estado 6
    TOK_OUT         deslocar, e ir ao estado 7
    TOK_STEPPER     deslocar, e ir ao estado 8
    TOK_SERVO       deslocar, e ir ao estado 9
    TOK_DELAY       deslocar, e ir ao estado 10
    TOK_IDENTIFIER  deslocar, e ir ao estado 11
    TOK_FINT        deslocar, e ir ao estado 12
    TOK_FFLOAT      deslocar, e ir ao estado 13
    TOK_FDOUBLE     deslocar, e ir ao estado 14
    TOK_FLONG       deslocar, e ir ao estado 15
    TOK_FSHORT      deslocar, e ir ao estado 16
    TOK_FBOOL       deslocar, e ir ao estado 17
    TOK_QUANDO      deslocar, e ir ao estado 18
    '}'             deslocar, e ir ao estado 223

    fe           ir ao estado 21
    stmt         ir ao estado 68
    eventblock   ir ao estado 23
    funcblock    ir ao estado 24
    type_f       ir ao estado 25
    returnblock  ir ao estado 26
    condblock    ir ao estado 27
    whileblock   ir ao estado 28
    printstmt    ir ao estado 29


Estado 220

   85 factor: TOK_IDENTIFIER '[' expr ']' '[' expr ']' •

    $padrão  reduzir usando a regra 85 (factor)


Estado 221

   60 condblock: TOK_IF '(' logicexpr ')' '{' stmts '}' elseblock •

    $padrão  reduzir usando a regra 60 (condblock)


Estado 222

    2 stmts: stmts • stmt
   62 elseblock: TOK_ELSE '{' stmts • '}'

    error           deslocar, e ir ao estado 1
    TOK_VOID        deslocar, e ir ao estado 2
    TOK_RETURN      deslocar, e ir ao estado 3
    TOK_IF          deslocar, e ir ao estado 4
    TOK_WHILE       deslocar, e ir ao estado 5
    TOK_PRINT       deslocar, e ir ao estado 6
    TOK_OUT         deslocar, e ir ao estado 7
    TOK_STEPPER     deslocar, e ir ao estado 8
    TOK_SERVO       deslocar, e ir ao estado 9
    TOK_DELAY       deslocar, e ir ao estado 10
    TOK_IDENTIFIER  deslocar, e ir ao estado 11
    TOK_FINT        deslocar, e ir ao estado 12
    TOK_FFLOAT      deslocar, e ir ao estado 13
    TOK_FDOUBLE     deslocar, e ir ao estado 14
    TOK_FLONG       deslocar, e ir ao estado 15
    TOK_FSHORT      deslocar, e ir ao estado 16
    TOK_FBOOL       deslocar, e ir ao estado 17
    TOK_QUANDO      deslocar, e ir ao estado 18
    '}'             deslocar, e ir ao estado 224

    fe           ir ao estado 21
    stmt         ir ao estado 68
    eventblock   ir ao estado 23
    funcblock    ir ao estado 24
    type_f       ir ao estado 25
    returnblock  ir ao estado 26
    condblock    ir ao estado 27
    whileblock   ir ao estado 28
    printstmt    ir ao estado 29


Estado 223

   36 funcblock: type_f TOK_IDENTIFIER '(' funcparams ')' '{' stmts '}' •

    $padrão  reduzir usando a regra 36 (funcblock)


Estado 224

   62 elseblock: TOK_ELSE '{' stmts '}' •

    $padrão  reduzir usando a regra 62 (elseblock)
